# JRE version: Java(TM) SE Runtime Environment (8.0_25-b18) (build 1.8.0_25-b18)
# Java VM: Java HotSpot(TM) 64-Bit Server VM (25.25-b02 mixed mode windows-amd64 compressed oops)
Heap:
 PSYoungGen      total 155136K, used 55138K [0x00000000d5e00000, 0x00000000e2180000, 0x0000000100000000)
  eden space 139264K, 31% used [0x00000000d5e00000,0x00000000d8888148,0x00000000de600000)
  from space 15872K, 72% used [0x00000000de600000,0x00000000df1506c0,0x00000000df580000)
  to   space 15872K, 0% used [0x00000000e1200000,0x00000000e1200000,0x00000000e2180000)
 ParOldGen       total 109568K, used 22928K [0x0000000081a00000, 0x0000000088500000, 0x00000000d5e00000)
  object space 109568K, 20% used [0x0000000081a00000,0x0000000083064290,0x0000000088500000)
 Metaspace       used 42652K, capacity 43048K, committed 43608K, reserved 1087488K
  class space    used 5557K, capacity 5621K, committed 5720K, reserved 1048576K
GC Heap History (10 events):
Event: 2.215 GC heap before
{Heap before GC invocations=7 (full 1):
 PSYoungGen      total 71680K, used 66560K [0x00000000d5e00000, 0x00000000df300000, 0x0000000100000000)
  eden space 66560K, 100% used [0x00000000d5e00000,0x00000000d9f00000,0x00000000d9f00000)
  from space 5120K, 0% used [0x00000000d9f00000,0x00000000d9f00000,0x00000000da400000)
  to   space 9728K, 0% used [0x00000000de980000,0x00000000de980000,0x00000000df300000)
 ParOldGen       total 63488K, used 9027K [0x0000000081a00000, 0x0000000085800000, 0x00000000d5e00000)
  object space 63488K, 14% used [0x0000000081a00000,0x00000000822d0c38,0x0000000085800000)
 Metaspace       used 24476K, capacity 24836K, committed 25088K, reserved 1071104K
  class space    used 3133K, capacity 3205K, committed 3328K, reserved 1048576K
Event: 2.222 GC heap after
Heap after GC invocations=7 (full 1):
 PSYoungGen      total 107008K, used 8572K [0x00000000d5e00000, 0x00000000df200000, 0x0000000100000000)
  eden space 98304K, 0% used [0x00000000d5e00000,0x00000000d5e00000,0x00000000dbe00000)
  from space 8704K, 98% used [0x00000000de980000,0x00000000df1df248,0x00000000df200000)
  to   space 10240K, 0% used [0x00000000dde00000,0x00000000dde00000,0x00000000de800000)
 ParOldGen       total 63488K, used 9035K [0x0000000081a00000, 0x0000000085800000, 0x00000000d5e00000)
  object space 63488K, 14% used [0x0000000081a00000,0x00000000822d2c38,0x0000000085800000)
 Metaspace       used 24476K, capacity 24836K, committed 25088K, reserved 1071104K
  class space    used 3133K, capacity 3205K, committed 3328K, reserved 1048576K
}
Event: 3.054 GC heap before
{Heap before GC invocations=8 (full 1):
 PSYoungGen      total 107008K, used 106876K [0x00000000d5e00000, 0x00000000df200000, 0x0000000100000000)
  eden space 98304K, 100% used [0x00000000d5e00000,0x00000000dbe00000,0x00000000dbe00000)
  from space 8704K, 98% used [0x00000000de980000,0x00000000df1df248,0x00000000df200000)
  to   space 10240K, 0% used [0x00000000dde00000,0x00000000dde00000,0x00000000de800000)
 ParOldGen       total 63488K, used 9035K [0x0000000081a00000, 0x0000000085800000, 0x00000000d5e00000)
  object space 63488K, 14% used [0x0000000081a00000,0x00000000822d2c38,0x0000000085800000)
 Metaspace       used 29796K, capacity 30106K, committed 30336K, reserved 1075200K
  class space    used 3808K, capacity 3886K, committed 3968K, reserved 1048576K
Event: 3.063 GC heap after
Heap after GC invocations=8 (full 1):
 PSYoungGen      total 141312K, used 10230K [0x00000000d5e00000, 0x00000000e0280000, 0x0000000100000000)
  eden space 131072K, 0% used [0x00000000d5e00000,0x00000000d5e00000,0x00000000dde00000)
  from space 10240K, 99% used [0x00000000dde00000,0x00000000de7fda48,0x00000000de800000)
  to   space 13312K, 0% used [0x00000000df580000,0x00000000df580000,0x00000000e0280000)
 ParOldGen       total 63488K, used 12758K [0x0000000081a00000, 0x0000000085800000, 0x00000000d5e00000)
  object space 63488K, 20% used [0x0000000081a00000,0x0000000082675b40,0x0000000085800000)
 Metaspace       used 29796K, capacity 30106K, committed 30336K, reserved 1075200K
  class space    used 3808K, capacity 3886K, committed 3968K, reserved 1048576K
}
Event: 3.542 GC heap before
{Heap before GC invocations=9 (full 1):
 PSYoungGen      total 141312K, used 61394K [0x00000000d5e00000, 0x00000000e0280000, 0x0000000100000000)
  eden space 131072K, 39% used [0x00000000d5e00000,0x00000000d8ff7160,0x00000000dde00000)
  from space 10240K, 99% used [0x00000000dde00000,0x00000000de7fda48,0x00000000de800000)
  to   space 13312K, 0% used [0x00000000df580000,0x00000000df580000,0x00000000e0280000)
 ParOldGen       total 63488K, used 12758K [0x0000000081a00000, 0x0000000085800000, 0x00000000d5e00000)
  object space 63488K, 20% used [0x0000000081a00000,0x0000000082675b40,0x0000000085800000)
 Metaspace       used 34866K, capacity 35194K, committed 35416K, reserved 1079296K
  class space    used 4539K, capacity 4622K, committed 4696K, reserved 1048576K
Event: 3.553 GC heap after
Heap after GC invocations=9 (full 1):
 PSYoungGen      total 152576K, used 13304K [0x00000000d5e00000, 0x00000000e3780000, 0x0000000100000000)
  eden space 139264K, 0% used [0x00000000d5e00000,0x00000000d5e00000,0x00000000de600000)
  from space 13312K, 99% used [0x00000000df580000,0x00000000e027e100,0x00000000e0280000)
  to   space 15872K, 0% used [0x00000000de600000,0x00000000de600000,0x00000000df580000)
 ParOldGen       total 63488K, used 14972K [0x0000000081a00000, 0x0000000085800000, 0x00000000d5e00000)
  object space 63488K, 23% used [0x0000000081a00000,0x000000008289f130,0x0000000085800000)
 Metaspace       used 34866K, capacity 35194K, committed 35416K, reserved 1079296K
  class space    used 4539K, capacity 4622K, committed 4696K, reserved 1048576K
}
Event: 3.553 GC heap before
{Heap before GC invocations=10 (full 2):
 PSYoungGen      total 152576K, used 13304K [0x00000000d5e00000, 0x00000000e3780000, 0x0000000100000000)
  eden space 139264K, 0% used [0x00000000d5e00000,0x00000000d5e00000,0x00000000de600000)
  from space 13312K, 99% used [0x00000000df580000,0x00000000e027e100,0x00000000e0280000)
  to   space 15872K, 0% used [0x00000000de600000,0x00000000de600000,0x00000000df580000)
 ParOldGen       total 63488K, used 14972K [0x0000000081a00000, 0x0000000085800000, 0x00000000d5e00000)
  object space 63488K, 23% used [0x0000000081a00000,0x000000008289f130,0x0000000085800000)
 Metaspace       used 34866K, capacity 35194K, committed 35416K, reserved 1079296K
  class space    used 4539K, capacity 4622K, committed 4696K, reserved 1048576K
Event: 3.620 GC heap after
Heap after GC invocations=10 (full 2):
 PSYoungGen      total 152576K, used 0K [0x00000000d5e00000, 0x00000000e3780000, 0x0000000100000000)
  eden space 139264K, 0% used [0x00000000d5e00000,0x00000000d5e00000,0x00000000de600000)
  from space 13312K, 0% used [0x00000000df580000,0x00000000df580000,0x00000000e0280000)
  to   space 15872K, 0% used [0x00000000de600000,0x00000000de600000,0x00000000df580000)
 ParOldGen       total 109568K, used 22920K [0x0000000081a00000, 0x0000000088500000, 0x00000000d5e00000)
  object space 109568K, 20% used [0x0000000081a00000,0x0000000083062290,0x0000000088500000)
 Metaspace       used 34866K, capacity 35194K, committed 35416K, reserved 1079296K
  class space    used 4539K, capacity 4622K, committed 4696K, reserved 1048576K
}
Event: 4.853 GC heap before
{Heap before GC invocations=11 (full 2):
 PSYoungGen      total 152576K, used 139264K [0x00000000d5e00000, 0x00000000e3780000, 0x0000000100000000)
  eden space 139264K, 100% used [0x00000000d5e00000,0x00000000de600000,0x00000000de600000)
  from space 13312K, 0% used [0x00000000df580000,0x00000000df580000,0x00000000e0280000)
  to   space 15872K, 0% used [0x00000000de600000,0x00000000de600000,0x00000000df580000)
 ParOldGen       total 109568K, used 22920K [0x0000000081a00000, 0x0000000088500000, 0x00000000d5e00000)
  object space 109568K, 20% used [0x0000000081a00000,0x0000000083062290,0x0000000088500000)
 Metaspace       used 40301K, capacity 40686K, committed 41176K, reserved 1085440K
  class space    used 5243K, capacity 5308K, committed 5336K, reserved 1048576K
Event: 4.862 GC heap after
Heap after GC invocations=11 (full 2):
 PSYoungGen      total 155136K, used 11585K [0x00000000d5e00000, 0x00000000e2180000, 0x0000000100000000)
  eden space 139264K, 0% used [0x00000000d5e00000,0x00000000d5e00000,0x00000000de600000)
  from space 15872K, 72% used [0x00000000de600000,0x00000000df1506c0,0x00000000df580000)
  to   space 15872K, 0% used [0x00000000e1200000,0x00000000e1200000,0x00000000e2180000)
 ParOldGen       total 109568K, used 22928K [0x0000000081a00000, 0x0000000088500000, 0x00000000d5e00000)
  object space 109568K, 20% used [0x0000000081a00000,0x0000000083064290,0x0000000088500000)
 Metaspace       used 40301K, capacity 40686K, committed 41176K, reserved 1085440K
  class space    used 5243K, capacity 5308K, committed 5336K, reserved 1048576K
}

