# JRE version: Java(TM) SE Runtime Environment (8.0_25-b18) (build 1.8.0_25-b18)
# Java VM: Java HotSpot(TM) 64-Bit Server VM (25.25-b02 mixed mode windows-amd64 compressed oops)
Heap:
 PSYoungGen      total 182784K, used 31650K [0x00000000d5e00000, 0x00000000e4980000, 0x0000000100000000)
  eden space 166912K, 12% used [0x00000000d5e00000,0x00000000d72267f8,0x00000000e0100000)
  from space 15872K, 69% used [0x00000000e0100000,0x00000000e0bc23c8,0x00000000e1080000)
  to   space 15872K, 0% used [0x00000000e3a00000,0x00000000e3a00000,0x00000000e4980000)
 ParOldGen       total 96768K, used 22188K [0x0000000081a00000, 0x0000000087880000, 0x00000000d5e00000)
  object space 96768K, 22% used [0x0000000081a00000,0x0000000082fab0f0,0x0000000087880000)
 Metaspace       used 43272K, capacity 43752K, committed 44248K, reserved 1087488K
  class space    used 5633K, capacity 5749K, committed 5848K, reserved 1048576K
GC Heap History (10 events):
Event: 2.393 GC heap before
{Heap before GC invocations=7 (full 1):
 PSYoungGen      total 71680K, used 66538K [0x00000000d5e00000, 0x00000000df300000, 0x0000000100000000)
  eden space 66560K, 99% used [0x00000000d5e00000,0x00000000d9efa948,0x00000000d9f00000)
  from space 5120K, 0% used [0x00000000d9f00000,0x00000000d9f00000,0x00000000da400000)
  to   space 9728K, 0% used [0x00000000de980000,0x00000000de980000,0x00000000df300000)
 ParOldGen       total 58880K, used 9034K [0x0000000081a00000, 0x0000000085380000, 0x00000000d5e00000)
  object space 58880K, 15% used [0x0000000081a00000,0x00000000822d2820,0x0000000085380000)
 Metaspace       used 24465K, capacity 24868K, committed 25088K, reserved 1071104K
  class space    used 3139K, capacity 3237K, committed 3328K, reserved 1048576K
Event: 2.401 GC heap after
Heap after GC invocations=7 (full 1):
 PSYoungGen      total 116224K, used 8660K [0x00000000d5e00000, 0x00000000df200000, 0x0000000100000000)
  eden space 107520K, 0% used [0x00000000d5e00000,0x00000000d5e00000,0x00000000dc700000)
  from space 8704K, 99% used [0x00000000de980000,0x00000000df1f50a0,0x00000000df200000)
  to   space 10240K, 0% used [0x00000000dde00000,0x00000000dde00000,0x00000000de800000)
 ParOldGen       total 58880K, used 9042K [0x0000000081a00000, 0x0000000085380000, 0x00000000d5e00000)
  object space 58880K, 15% used [0x0000000081a00000,0x00000000822d4820,0x0000000085380000)
 Metaspace       used 24465K, capacity 24868K, committed 25088K, reserved 1071104K
  class space    used 3139K, capacity 3237K, committed 3328K, reserved 1048576K
}
Event: 3.325 GC heap before
{Heap before GC invocations=8 (full 1):
 PSYoungGen      total 116224K, used 116180K [0x00000000d5e00000, 0x00000000df200000, 0x0000000100000000)
  eden space 107520K, 100% used [0x00000000d5e00000,0x00000000dc700000,0x00000000dc700000)
  from space 8704K, 99% used [0x00000000de980000,0x00000000df1f50a0,0x00000000df200000)
  to   space 10240K, 0% used [0x00000000dde00000,0x00000000dde00000,0x00000000de800000)
 ParOldGen       total 58880K, used 9042K [0x0000000081a00000, 0x0000000085380000, 0x00000000d5e00000)
  object space 58880K, 15% used [0x0000000081a00000,0x00000000822d4820,0x0000000085380000)
 Metaspace       used 30643K, capacity 30970K, committed 31232K, reserved 1077248K
  class space    used 3952K, capacity 4046K, committed 4096K, reserved 1048576K
Event: 3.340 GC heap after
Heap after GC invocations=8 (full 1):
 PSYoungGen      total 141312K, used 10223K [0x00000000d5e00000, 0x00000000e1d80000, 0x0000000100000000)
  eden space 131072K, 0% used [0x00000000d5e00000,0x00000000d5e00000,0x00000000dde00000)
  from space 10240K, 99% used [0x00000000dde00000,0x00000000de7fbe88,0x00000000de800000)
  to   space 13312K, 0% used [0x00000000e1080000,0x00000000e1080000,0x00000000e1d80000)
 ParOldGen       total 58880K, used 13665K [0x0000000081a00000, 0x0000000085380000, 0x00000000d5e00000)
  object space 58880K, 23% used [0x0000000081a00000,0x0000000082758710,0x0000000085380000)
 Metaspace       used 30643K, capacity 30970K, committed 31232K, reserved 1077248K
  class space    used 3952K, capacity 4046K, committed 4096K, reserved 1048576K
}
Event: 3.754 GC heap before
{Heap before GC invocations=9 (full 1):
 PSYoungGen      total 141312K, used 53373K [0x00000000d5e00000, 0x00000000e1d80000, 0x0000000100000000)
  eden space 131072K, 32% used [0x00000000d5e00000,0x00000000d88236b8,0x00000000dde00000)
  from space 10240K, 99% used [0x00000000dde00000,0x00000000de7fbe88,0x00000000de800000)
  to   space 13312K, 0% used [0x00000000e1080000,0x00000000e1080000,0x00000000e1d80000)
 ParOldGen       total 58880K, used 13665K [0x0000000081a00000, 0x0000000085380000, 0x00000000d5e00000)
  object space 58880K, 23% used [0x0000000081a00000,0x0000000082758710,0x0000000085380000)
 Metaspace       used 34859K, capacity 35194K, committed 35416K, reserved 1079296K
  class space    used 4540K, capacity 4622K, committed 4696K, reserved 1048576K
Event: 3.765 GC heap after
Heap after GC invocations=9 (full 1):
 PSYoungGen      total 180224K, used 13308K [0x00000000d5e00000, 0x00000000e4600000, 0x0000000100000000)
  eden space 166912K, 0% used [0x00000000d5e00000,0x00000000d5e00000,0x00000000e0100000)
  from space 13312K, 99% used [0x00000000e1080000,0x00000000e1d7f280,0x00000000e1d80000)
  to   space 15872K, 0% used [0x00000000e0100000,0x00000000e0100000,0x00000000e1080000)
 ParOldGen       total 58880K, used 14895K [0x0000000081a00000, 0x0000000085380000, 0x00000000d5e00000)
  object space 58880K, 25% used [0x0000000081a00000,0x000000008288bd00,0x0000000085380000)
 Metaspace       used 34859K, capacity 35194K, committed 35416K, reserved 1079296K
  class space    used 4540K, capacity 4622K, committed 4696K, reserved 1048576K
}
Event: 3.765 GC heap before
{Heap before GC invocations=10 (full 2):
 PSYoungGen      total 180224K, used 13308K [0x00000000d5e00000, 0x00000000e4600000, 0x0000000100000000)
  eden space 166912K, 0% used [0x00000000d5e00000,0x00000000d5e00000,0x00000000e0100000)
  from space 13312K, 99% used [0x00000000e1080000,0x00000000e1d7f280,0x00000000e1d80000)
  to   space 15872K, 0% used [0x00000000e0100000,0x00000000e0100000,0x00000000e1080000)
 ParOldGen       total 58880K, used 14895K [0x0000000081a00000, 0x0000000085380000, 0x00000000d5e00000)
  object space 58880K, 25% used [0x0000000081a00000,0x000000008288bd00,0x0000000085380000)
 Metaspace       used 34859K, capacity 35194K, committed 35416K, reserved 1079296K
  class space    used 4540K, capacity 4622K, committed 4696K, reserved 1048576K
Event: 3.832 GC heap after
Heap after GC invocations=10 (full 2):
 PSYoungGen      total 180224K, used 0K [0x00000000d5e00000, 0x00000000e4600000, 0x0000000100000000)
  eden space 166912K, 0% used [0x00000000d5e00000,0x00000000d5e00000,0x00000000e0100000)
  from space 13312K, 0% used [0x00000000e1080000,0x00000000e1080000,0x00000000e1d80000)
  to   space 15872K, 0% used [0x00000000e0100000,0x00000000e0100000,0x00000000e1080000)
 ParOldGen       total 96768K, used 22180K [0x0000000081a00000, 0x0000000087880000, 0x00000000d5e00000)
  object space 96768K, 22% used [0x0000000081a00000,0x0000000082fa90f0,0x0000000087880000)
 Metaspace       used 34859K, capacity 35194K, committed 35416K, reserved 1079296K
  class space    used 4540K, capacity 4622K, committed 4696K, reserved 1048576K
}
Event: 28.127 GC heap before
{Heap before GC invocations=11 (full 2):
 PSYoungGen      total 180224K, used 166912K [0x00000000d5e00000, 0x00000000e4600000, 0x0000000100000000)
  eden space 166912K, 100% used [0x00000000d5e00000,0x00000000e0100000,0x00000000e0100000)
  from space 13312K, 0% used [0x00000000e1080000,0x00000000e1080000,0x00000000e1d80000)
  to   space 15872K, 0% used [0x00000000e0100000,0x00000000e0100000,0x00000000e1080000)
 ParOldGen       total 96768K, used 22180K [0x0000000081a00000, 0x0000000087880000, 0x00000000d5e00000)
  object space 96768K, 22% used [0x0000000081a00000,0x0000000082fa90f0,0x0000000087880000)
 Metaspace       used 41374K, capacity 41810K, committed 42200K, reserved 1085440K
  class space    used 5384K, capacity 5470K, committed 5592K, reserved 1048576K
Event: 28.136 GC heap after
Heap after GC invocations=11 (full 2):
 PSYoungGen      total 182784K, used 11016K [0x00000000d5e00000, 0x00000000e4980000, 0x0000000100000000)
  eden space 166912K, 0% used [0x00000000d5e00000,0x00000000d5e00000,0x00000000e0100000)
  from space 15872K, 69% used [0x00000000e0100000,0x00000000e0bc23c8,0x00000000e1080000)
  to   space 15872K, 0% used [0x00000000e3a00000,0x00000000e3a00000,0x00000000e4980000)
 ParOldGen       total 96768K, used 22188K [0x0000000081a00000, 0x0000000087880000, 0x00000000d5e00000)
  object space 96768K, 22% used [0x0000000081a00000,0x0000000082fab0f0,0x0000000087880000)
 Metaspace       used 41374K, capacity 41810K, committed 42200K, reserved 1085440K
  class space    used 5384K, capacity 5470K, committed 5592K, reserved 1048576K
}

